0 info it worked if it ends with ok
1 verbose cli [ 'node', '/usr/local/bin/npm', 'run', 'build' ]
2 info using npm@3.9.6
3 info using node@v0.12.0
4 verbose run-script [ 'prebuild', 'build', 'postbuild' ]
5 info lifecycle 84event@1.0.0~prebuild: 84event@1.0.0
6 silly lifecycle 84event@1.0.0~prebuild: no script for prebuild, continuing
7 info lifecycle 84event@1.0.0~build: 84event@1.0.0
8 verbose lifecycle 84event@1.0.0~build: unsafe-perm in lifecycle true
9 verbose lifecycle 84event@1.0.0~build: PATH: /usr/local/lib/node_modules/npm/bin/node-gyp-bin:/Users/castr/Dev/84event/node_modules/.bin:/usr/local/bin:/usr/bin:/bin:/usr/sbin:/sbin:/usr/local/bin:/usr/local/git/bin:/Users/castr/Dev/SDK/android-sdk-macosx/platform-tools:/Users/castr/Dev/SDK/android-sdk-macosx/tools:/Users/castr/Dev/SDK/android-sdk-macosx/build-tools:/Users/castr/.manymo/bin
10 verbose lifecycle 84event@1.0.0~build: CWD: /Users/castr/Dev/84event
11 silly lifecycle 84event@1.0.0~build: Args: [ '-c',
11 silly lifecycle   'NODE_ENV=production webpack --progress --color -p --config webpack.prod.config.js' ]
12 silly lifecycle 84event@1.0.0~build: Returned: code: 1  signal: null
13 info lifecycle 84event@1.0.0~build: Failed to exec build script
14 verbose stack Error: 84event@1.0.0 build: `NODE_ENV=production webpack --progress --color -p --config webpack.prod.config.js`
14 verbose stack Exit status 1
14 verbose stack     at EventEmitter.<anonymous> (/usr/local/lib/node_modules/npm/lib/utils/lifecycle.js:245:16)
14 verbose stack     at EventEmitter.emit (events.js:110:17)
14 verbose stack     at ChildProcess.<anonymous> (/usr/local/lib/node_modules/npm/lib/utils/spawn.js:24:14)
14 verbose stack     at ChildProcess.emit (events.js:110:17)
14 verbose stack     at maybeClose (child_process.js:1008:16)
14 verbose stack     at Process.ChildProcess._handle.onexit (child_process.js:1080:5)
15 verbose pkgid 84event@1.0.0
16 verbose cwd /Users/castr/Dev/84event
17 error Darwin 14.5.0
18 error argv "node" "/usr/local/bin/npm" "run" "build"
19 error node v0.12.0
20 error npm  v3.9.6
21 error code ELIFECYCLE
22 error 84event@1.0.0 build: `NODE_ENV=production webpack --progress --color -p --config webpack.prod.config.js`
22 error Exit status 1
23 error Failed at the 84event@1.0.0 build script 'NODE_ENV=production webpack --progress --color -p --config webpack.prod.config.js'.
23 error Make sure you have the latest version of node.js and npm installed.
23 error If you do, this is most likely a problem with the 84event package,
23 error not with npm itself.
23 error Tell the author that this fails on your system:
23 error     NODE_ENV=production webpack --progress --color -p --config webpack.prod.config.js
23 error You can get information on how to open an issue for this project with:
23 error     npm bugs 84event
23 error Or if that isn't available, you can get their info via:
23 error     npm owner ls 84event
23 error There is likely additional logging output above.
24 verbose exit [ 1, true ]
